Arguments: 
  /usr/local/bin/node /opt/facebook/fb-kpm/bin/yarn.js start

PATH: 
  /opt/facebook/bin:/usr/local/bin:/usr/bin:/bin:/usr/sbin:/sbin:/opt/homebrew/bin:/opt/facebook/ops/scripts/chef:/opt/facebook/nuclide/latest/nuclide/pkg/fb-on-demand-cli/bin:/opt/facebook/nuclide/latest/nuclide/pkg/fb-biggrep-cli/bin:/usr/local/munki:/opt/facebook/hg/bin

Yarn version: 
  1.5.1

Node version: 
  8.11.2

Platform: 
  darwin x64

npm manifest: 
  {
    "scripts": {
      "examples": "docusaurus-examples",
      "start": "docusaurus-start",
      "build": "docusaurus-build",
      "publish-gh-pages": "docusaurus-publish",
      "write-translations": "docusaurus-write-translations",
      "version": "docusaurus-version",
      "rename-version": "docusaurus-rename-version"
    },
    "devDependencies": {
      "docusaurus": "^1.3.0"
    }
  }

yarn manifest: 
  No manifest

Lockfile: 
  No lockfile

Trace: 
  Error: Command failed.
  Exit code: 127
  Command: sh
  Arguments: -c docusaurus-start
  Directory: /Users/tconnally/oomd/website
  Output:
  
      at ProcessTermError.MessageError (/opt/facebook/fb-kpm/lib/cli.js:186:110)
      at new ProcessTermError (/opt/facebook/fb-kpm/lib/cli.js:226:113)
      at ChildProcess.<anonymous> (/opt/facebook/fb-kpm/lib/cli.js:30281:17)
      at emitTwo (events.js:126:13)
      at ChildProcess.emit (events.js:214:7)
      at maybeClose (internal/child_process.js:925:16)
      at Process.ChildProcess._handle.onexit (internal/child_process.js:209:5)
